2018-05-03 21:02:33,920  - INFO - ----  test001_进入行情轮流过_//android.widget.HorizontalScrollView/android.widget.LinearLayout/android.widget.LinearLayout[2]_click          ----
2018-05-03 21:02:43,740  - INFO - ----  test001_进入行情轮流过_//android.widget.TextView[@text='主力行情']_click          ----
2018-05-03 21:02:57,153  - INFO - ----  test001_进入行情轮流过_//android.widget.TextView[@text='大商所']_click          ----
2018-05-03 21:03:01,066  - INFO - ----  test001_进入行情轮流过_//android.widget.TextView[@text='中金所']_click          ----
2018-05-03 21:03:10,203  - INFO - ----  test001_进入行情轮流过_//android.widget.TextView[@text='能源中心']_click          ----
2018-05-03 21:03:12,418  - INFO - ----  test001_进入行情轮流过_//android.widget.TextView[@text='郑商所']_click          ----
2018-05-03 21:03:29,080  - INFO - ----  test001_进入行情轮流过_//android.widget.TextView[@text='上期所']_click          ----
2018-05-03 21:03:32,681  - INFO - ----  test001_进入行情轮流过_//android.widget.TextView[@text='主力行情']_get_attr          ----
2018-05-03 21:03:34,828  - INFO - ----  test001_进入行情轮流过_//android.widget.TextView[@text='上期所']_get_attr          ----
2018-05-03 21:03:36,872  - INFO - ----  test001_进入行情轮流过_com.thinkive.future.dev.standard:id/rb_list_get_attr          ----
2018-05-03 21:03:37,158  - INFO - ----  test001_进入行情轮流过_com.thinkive.future.dev.standard:id/rb_out_list_get_attr          ----
2018-05-03 21:03:37,444  - INFO - ----  test001_进入行情轮流过_com.thinkive.future.dev.standard:id/rb_optional_get_attr          ----
2018-05-03 21:03:39,687  - INFO - [CheckPoint_1]: testHangQingList_ : OK
2018-05-03 21:03:49,168  - INFO - ----  test002_查看夜盘行情_//android.widget.HorizontalScrollView/android.widget.LinearLayout/android.widget.LinearLayout[2]_click          ----
2018-05-03 21:03:57,209  - INFO - ----  test002_查看夜盘行情_//android.widget.TextView[@text='夜盘行情']_click          ----
2018-05-03 21:04:04,736  - INFO - ----  test002_查看夜盘行情_com.thinkive.future.dev.standard:id/dialog_yepan_zz_click          ----
2018-05-03 21:04:05,528  - INFO - ----  test002_查看夜盘行情_com.thinkive.future.dev.standard:id/dialog_yepan_dl_click          ----
2018-05-03 21:04:06,509  - INFO - ----  test002_查看夜盘行情_com.thinkive.future.dev.standard:id/dialog_yepan_ec_click          ----
2018-05-03 21:04:07,391  - INFO - ----  test002_查看夜盘行情_android:id/content_           ----
2018-05-03 21:04:07,610  - INFO - ----  test002_查看夜盘行情_com.thinkive.future.dev.standard:id/dialog_yepan_sh_get_attr          ----
2018-05-03 21:04:07,700  - INFO - ----  test002_查看夜盘行情_com.thinkive.future.dev.standard:id/dialog_yepan_ec_get_attr          ----
2018-05-03 21:04:07,946  - INFO - ----  test002_查看夜盘行情_com.thinkive.future.dev.standard:id/cb_no_prompt_get_attr          ----
2018-05-03 21:04:08,045  - INFO - ----  test002_查看夜盘行情_com.thinkive.future.dev.standard:id/tv_cancel_click          ----
2018-05-03 21:04:08,931  - INFO - [CheckPoint_2]: testYePan_ : OK
