2018-05-17 19:09:41,942  - INFO - ----  test020_首次进入自选页面查看_//android.widget.HorizontalScrollView/android.widget.LinearLayout/android.widget.LinearLayout[2]_click          ----
2018-05-17 19:09:45,586  - INFO - ----  test020_首次进入自选页面查看_com.thinkive.future.dev.standard:id/rb_optional_click          ----
2018-05-17 19:10:09,450  - INFO - ----  testAFirstOpenOptional_失败重连        ----
2018-05-17 19:10:21,121  - INFO - ----  test020_首次进入自选页面查看_//android.widget.HorizontalScrollView/android.widget.LinearLayout/android.widget.LinearLayout[2]_click          ----
2018-05-17 19:10:24,721  - INFO - ----  test020_首次进入自选页面查看_com.thinkive.future.dev.standard:id/rb_optional_click          ----
2018-05-17 19:10:49,357  - INFO - [CheckPoint_1]: testAFirstOpenOptional_用例失败重连过一次，失败原因:执行过程中失败，请检查元素是否存在//*[@resource-id='com.thinkive.future.dev.standard:id/alllist_activity_itemhead']/android.widget.LinearLayout/android.widget.RelativeLayout[0]/android.widget.TextView, 
执行过程中失败，请检查元素是否存在//*[@resource-id='com.thinkive.future.dev.standard:id/alllist_activity_itemhead']/android.widget.LinearLayout/android.widget.RelativeLayout[0]/android.widget.TextView, : NG
2018-05-17 19:10:53,749  - INFO - ----  test021_通过+号添加自选_//android.widget.HorizontalScrollView/android.widget.LinearLayout/android.widget.LinearLayout[2]_click          ----
2018-05-17 19:10:57,857  - INFO - ----  test021_通过+号添加自选_com.thinkive.future.dev.standard:id/rb_optional_click          ----
2018-05-17 19:11:01,572  - INFO - ----  test021_通过+号添加自选_com.thinkive.future.dev.standard:id/iv_optional_add_click          ----
2018-05-17 19:11:04,644  - INFO - ----  test021_通过+号添加自选_com.thinkive.future.dev.standard:id/search_edittext_set_value mh        ----
2018-05-17 19:11:12,295  - INFO - ----  test021_通过+号添加自选_com.thinkive.future.dev.standard:id/ll_add_unadd_click          ----
2018-05-17 19:11:14,253  - INFO - ----  test021_通过+号添加自选_com.thinkive.future.dev.standard:id/name_get_value          ----
2018-05-17 19:11:14,836  - INFO - ----  test021_通过+号添加自选_com.thinkive.future.dev.standard:id/hq_btn_cancel_click          ----
2018-05-17 19:11:16,233  - INFO - ----  test021_通过+号添加自选_com.thinkive.future.dev.standard:id/item_alllistactivity_nameTv_get_value          ----
2018-05-17 19:11:16,653  - INFO - ----  test021_通过+号添加自选_com.thinkive.future.dev.standard:id/item_alllistactivity_nameTv索引错误        ----
2018-05-17 19:11:16,653  - INFO - ----  testBAddOptionalFirstself_失败重连        ----
2018-05-17 19:11:27,214  - INFO - ----  test021_通过+号添加自选_//android.widget.HorizontalScrollView/android.widget.LinearLayout/android.widget.LinearLayout[2]_click          ----
2018-05-17 19:11:30,911  - INFO - ----  test021_通过+号添加自选_com.thinkive.future.dev.standard:id/rb_optional_click          ----
2018-05-17 19:11:54,971  - INFO - [CheckPoint_2]: testBAddOptionalFirstself_用例失败重连过一次，失败原因:请检查元素com.thinkive.future.dev.standard:id/item_alllistactivity_nameTv是否存在，验证得到的值与加入的值一致 操作是否成功
执行过程中失败，请检查元素是否存在com.thinkive.future.dev.standard:id/iv_optional_add, : NG
