2018-05-03 20:50:36,494  - INFO - ----  test001_进入行情页面_//android.widget.HorizontalScrollView/android.widget.LinearLayout/android.widget.LinearLayout[2]_click          ----
2018-05-03 20:50:38,650  - INFO - ----  test001_进入行情页面_//android.widget.TextView[@text='主力行情']_click          ----
2018-05-03 20:50:43,383  - INFO - ----  test001_进入行情页面_//android.widget.TextView[@text='上期所']_click          ----
2018-05-03 20:50:45,893  - INFO - ----  test001_进入行情页面_//android.widget.TextView[@text='大商所']_click          ----
2018-05-03 20:51:07,817  - INFO - ----  testHangQingList_失败重连        ----
2018-05-03 20:51:16,222  - INFO - ----  test001_进入行情页面_//android.widget.HorizontalScrollView/android.widget.LinearLayout/android.widget.LinearLayout[2]_click          ----
2018-05-03 20:51:18,789  - INFO - ----  test001_进入行情页面_//android.widget.TextView[@text='主力行情']_click          ----
2018-05-03 20:51:23,177  - INFO - ----  test001_进入行情页面_//android.widget.TextView[@text='上期所']_click          ----
2018-05-03 20:51:25,827  - INFO - ----  test001_进入行情页面_//android.widget.TextView[@text='大商所']_click          ----
2018-05-03 20:51:50,533  - INFO - [CheckPoint_1]: testHangQingList_用例失败重连过一次，失败原因:请检查元素//android.widget.TextView[@text='主力行情']是否存在，切换后主力行情未被选中 操作是否成功
请检查元素//android.widget.TextView[@text='主力行情']是否存在，切换后主力行情未被选中 操作是否成功: NG
2018-05-03 20:51:54,964  - INFO - ----  test003_滑动查看到能源中心行情_//android.widget.HorizontalScrollView/android.widget.LinearLayout/android.widget.LinearLayout[2]_click          ----
2018-05-03 20:52:00,364  - INFO - ----  test003_滑动查看到能源中心行情_//android.widget.TextView[@text='大商所']_click          ----
2018-05-03 20:52:03,322  - INFO - ----  test003_滑动查看到能源中心行情_//android.widget.TextView[@text='大商所']_swipe_left          ----
2018-05-03 20:52:05,924  - INFO - ----  test003_滑动查看到能源中心行情_//android.widget.TextView[@text='郑商所']_click          ----
2018-05-03 20:52:08,497  - INFO - ----  test003_滑动查看到能源中心行情_//android.widget.TextView[@text='中金所']_click          ----
2018-05-03 20:52:11,371  - INFO - ----  test003_滑动查看到能源中心行情_//android.widget.TextView[@text='能源中心']_click          ----
2018-05-03 20:52:14,700  - INFO - ----  test003_滑动查看到能源中心行情_//android.widget.TextView[@text='能源中心']_get_attr          ----
2018-05-03 20:52:16,164  - INFO - ----  testNYZXhangqing_失败重连        ----
2018-05-03 20:52:24,974  - INFO - ----  test003_滑动查看到能源中心行情_//android.widget.HorizontalScrollView/android.widget.LinearLayout/android.widget.LinearLayout[2]_click          ----
2018-05-03 20:52:28,305  - INFO - ----  test003_滑动查看到能源中心行情_//android.widget.TextView[@text='大商所']_click          ----
2018-05-03 20:52:30,903  - INFO - ----  test003_滑动查看到能源中心行情_//android.widget.TextView[@text='大商所']_swipe_left          ----
2018-05-03 20:52:33,215  - INFO - ----  test003_滑动查看到能源中心行情_//android.widget.TextView[@text='郑商所']_click          ----
2018-05-03 20:52:35,905  - INFO - ----  test003_滑动查看到能源中心行情_//android.widget.TextView[@text='中金所']_click          ----
2018-05-03 20:52:38,187  - INFO - ----  test003_滑动查看到能源中心行情_//android.widget.TextView[@text='能源中心']_click          ----
2018-05-03 20:52:41,727  - INFO - ----  test003_滑动查看到能源中心行情_//android.widget.TextView[@text='能源中心']_get_attr          ----
2018-05-03 20:52:43,491  - INFO - [CheckPoint_2]: testNYZXhangqing_用例失败重连过一次，失败原因:请检查元素//android.widget.TextView[@text='能源中心']是否存在，切换后能源中心被选中 操作是否成功
请检查元素//android.widget.TextView[@text='能源中心']是否存在，切换后能源中心被选中 操作是否成功: NG
2018-05-03 20:52:47,908  - INFO - ----  test002_查看夜盘行情_//android.widget.HorizontalScrollView/android.widget.LinearLayout/android.widget.LinearLayout[2]_click          ----
2018-05-03 20:53:14,754  - INFO - ----  testYePan_失败重连        ----
2018-05-03 20:53:23,302  - INFO - ----  test002_查看夜盘行情_//android.widget.HorizontalScrollView/android.widget.LinearLayout/android.widget.LinearLayout[2]_click          ----
2018-05-03 20:53:25,634  - INFO - ----  test002_查看夜盘行情_//android.widget.TextView[@text='夜盘行情']_click          ----
2018-05-03 20:53:29,189  - INFO - ----  test002_查看夜盘行情_com.thinkive.future.dev.standard:id/dialog_yepan_zz_click          ----
2018-05-03 20:53:29,962  - INFO - ----  test002_查看夜盘行情_com.thinkive.future.dev.standard:id/dialog_yepan_dl_click          ----
2018-05-03 20:53:30,764  - INFO - ----  test002_查看夜盘行情_com.thinkive.future.dev.standard:id/dialog_yepan_ec_click          ----
2018-05-03 20:53:31,612  - INFO - ----  test002_查看夜盘行情_android:id/content_           ----
2018-05-03 20:53:31,636  - INFO - ----  test002_查看夜盘行情_com.thinkive.future.dev.standard:id/dialog_yepan_sh_get_attr          ----
2018-05-03 20:53:31,865  - INFO - ----  test002_查看夜盘行情_com.thinkive.future.dev.standard:id/dialog_yepan_ec_get_attr          ----
2018-05-03 20:53:31,931  - INFO - ----  test002_查看夜盘行情_com.thinkive.future.dev.standard:id/cb_no_prompt_get_attr          ----
2018-05-03 20:53:32,006  - INFO - ----  test002_查看夜盘行情_com.thinkive.future.dev.standard:id/tv_cancel_click          ----
2018-05-03 20:53:34,810  - INFO - [CheckPoint_3]: testYePan_用例失败重连过一次，失败原因:执行过程中失败，请检查元素是否存在//android.widget.TextView[@text='夜盘行情'], : OK
