2018-06-13 14:47:47,218  - INFO - ----  test001_进入行情轮流过_//android.widget.HorizontalScrollView/android.widget.LinearLayout/android.widget.LinearLayout[2]_click          ----
2018-06-13 14:47:50,656  - INFO - ----  test001_进入行情轮流过_//android.widget.TextView[@text='主力行情']_click          ----
2018-06-13 14:47:54,065  - INFO - ----  test001_进入行情轮流过_//android.widget.TextView[@text='大商所']_click          ----
2018-06-13 14:47:57,590  - INFO - ----  test001_进入行情轮流过_//android.widget.TextView[@text='中金所']_click          ----
2018-06-13 14:48:01,347  - INFO - ----  test001_进入行情轮流过_//android.widget.TextView[@text='能源中心']_click          ----
2018-06-13 14:48:04,819  - INFO - ----  test001_进入行情轮流过_//android.widget.TextView[@text='郑商所']_click          ----
2018-06-13 14:48:07,263  - INFO - ----  test001_进入行情轮流过_//android.widget.TextView[@text='上期所']_click          ----
2018-06-13 14:48:29,460  - INFO - ----  test001_进入行情轮流过_//android.widget.TextView[@text='上期所']_is_selected          ----
2018-06-13 14:48:38,928  - INFO - ----  test001_进入行情轮流过_com.thinkive.future.dev.standard:id/rb_list_is_checked          ----
2018-06-13 14:48:38,976  - INFO - ----  test001_进入行情轮流过_com.thinkive.future.dev.standard:id/rb_out_list_is_checked          ----
2018-06-13 14:48:39,276  - INFO - ----  test001_进入行情轮流过_com.thinkive.future.dev.standard:id/rb_optional_is_checked          ----
2018-06-13 14:48:42,045  - INFO - [CheckPoint_1]: testAFirstOpenFutureList_ : OK
2018-06-13 14:48:57,545  - INFO - ----  test002_查看夜盘行情_//android.widget.HorizontalScrollView/android.widget.LinearLayout/android.widget.LinearLayout[2]_click          ----
2018-06-13 14:49:28,290  - INFO - ----  test002_查看夜盘行情_//android.widget.TextView[@text='夜盘行情']_click          ----
2018-06-13 14:49:50,858  - INFO - ----  test002_查看夜盘行情_com.thinkive.future.dev.standard:id/dialog_yepan_zz_click          ----
2018-06-13 14:49:51,772  - INFO - ----  test002_查看夜盘行情_com.thinkive.future.dev.standard:id/dialog_yepan_dl_click          ----
2018-06-13 14:49:52,778  - INFO - ----  test002_查看夜盘行情_com.thinkive.future.dev.standard:id/dialog_yepan_ec_click          ----
2018-06-13 14:49:53,686  - INFO - ----  test002_查看夜盘行情_android:id/content_           ----
2018-06-13 14:49:53,705  - INFO - ----  test002_查看夜盘行情_com.thinkive.future.dev.standard:id/dialog_yepan_sh_is_checked          ----
2018-06-13 14:49:53,876  - INFO - ----  test002_查看夜盘行情_com.thinkive.future.dev.standard:id/dialog_yepan_ec_is_checked          ----
2018-06-13 14:49:54,026  - INFO - ----  test002_查看夜盘行情_com.thinkive.future.dev.standard:id/cb_no_prompt_is_checked          ----
2018-06-13 14:49:54,112  - INFO - ----  test002_查看夜盘行情_com.thinkive.future.dev.standard:id/tv_cancel_click          ----
2018-06-13 14:49:55,073  - INFO - [CheckPoint_2]: testBYePan_ : OK
2018-06-13 14:50:01,714  - INFO - ----  test002_从大商所过滤显示淀粉_//android.widget.TextView[@text='行情']_click          ----
2018-06-13 14:50:33,040  - INFO - ----  test002_从大商所过滤显示淀粉_//android.widget.TextView[@text='大商所']_click          ----
2018-06-13 14:50:54,083  - INFO - ----  test002_从大商所过滤显示淀粉_com.thinkive.future.dev.standard:id/z_ll_1_click          ----
2018-06-13 14:50:56,308  - INFO - ----  test002_从大商所过滤显示淀粉_//android.widget.TextView[@text='淀粉']_get_value          ----
2018-06-13 14:50:56,740  - INFO - ----  test002_从大商所过滤显示淀粉_//android.widget.TextView[@text='淀粉']_click          ----
2018-06-13 14:50:59,223  - INFO - ----  test002_从大商所过滤显示淀粉_com.thinkive.future.dev.standard:id/item_alllistactivity_nameTv_get_value          ----
2018-06-13 14:51:19,990  - INFO - [CheckPoint_3]: testCFutureListFilter_ : OK
2018-06-13 14:51:25,963  - INFO - ----  test003_取消行情列表过滤显示_//android.widget.TextView[@text='行情']_click          ----
2018-06-13 14:51:29,525  - INFO - ----  test003_取消行情列表过滤显示_//android.widget.TextView[@text='大商所']_click          ----
2018-06-13 14:51:33,193  - INFO - ----  test003_取消行情列表过滤显示_com.thinkive.future.dev.standard:id/z_ll_1_click          ----
2018-06-13 14:51:34,443  - INFO - ----  test003_取消行情列表过滤显示_//android.widget.TextView[@text='全部']_click          ----
2018-06-13 14:51:39,175  - INFO - ----  test003_取消行情列表过滤显示_//android.widget.TextView[@text='合约名称']_           ----
2018-06-13 14:51:39,303  - INFO - [CheckPoint_4]: testDFutureListFilterAll_ : OK
