2018-06-13 14:19:28,503  - INFO - ----  test001_进入行情轮流过_//android.widget.HorizontalScrollView/android.widget.LinearLayout/android.widget.LinearLayout[2]_click          ----
2018-06-13 14:19:31,982  - INFO - ----  test001_进入行情轮流过_//android.widget.TextView[@text='主力行情']_click          ----
2018-06-13 14:19:35,374  - INFO - ----  test001_进入行情轮流过_//android.widget.TextView[@text='大商所']_click          ----
2018-06-13 14:19:38,719  - INFO - ----  test001_进入行情轮流过_//android.widget.TextView[@text='中金所']_click          ----
2018-06-13 14:19:41,101  - INFO - ----  test001_进入行情轮流过_//android.widget.TextView[@text='能源中心']_click          ----
2018-06-13 14:19:44,935  - INFO - ----  test001_进入行情轮流过_//android.widget.TextView[@text='郑商所']_click          ----
2018-06-13 14:19:48,789  - INFO - ----  test001_进入行情轮流过_//android.widget.TextView[@text='上期所']_click          ----
2018-06-13 14:19:50,839  - INFO - ----  test001_进入行情轮流过_//android.widget.TextView[@text='上期所']_is_selected          ----
2018-06-13 14:19:51,497  - INFO - ----  test001_进入行情轮流过_com.thinkive.future.dev.standard:id/rb_list_is_checked          ----
2018-06-13 14:19:52,074  - INFO - ----  test001_进入行情轮流过_com.thinkive.future.dev.standard:id/rb_out_list_is_checked          ----
2018-06-13 14:19:52,175  - INFO - ----  test001_进入行情轮流过_com.thinkive.future.dev.standard:id/rb_optional_is_checked          ----
2018-06-13 14:19:52,403  - INFO - [CheckPoint_1]: testAFirstOpenFutureList_ : OK
2018-06-13 14:20:07,401  - INFO - ----  test002_查看夜盘行情_//android.widget.HorizontalScrollView/android.widget.LinearLayout/android.widget.LinearLayout[2]_click          ----
2018-06-13 14:20:38,306  - INFO - ----  test002_查看夜盘行情_//android.widget.TextView[@text='夜盘行情']_click          ----
2018-06-13 14:21:00,681  - INFO - ----  test002_查看夜盘行情_com.thinkive.future.dev.standard:id/dialog_yepan_zz_click          ----
2018-06-13 14:21:01,581  - INFO - ----  test002_查看夜盘行情_com.thinkive.future.dev.standard:id/dialog_yepan_dl_click          ----
2018-06-13 14:21:02,448  - INFO - ----  test002_查看夜盘行情_com.thinkive.future.dev.standard:id/dialog_yepan_ec_click          ----
2018-06-13 14:21:03,343  - INFO - ----  test002_查看夜盘行情_android:id/content_           ----
2018-06-13 14:21:03,404  - INFO - ----  test002_查看夜盘行情_com.thinkive.future.dev.standard:id/dialog_yepan_sh_is_checked          ----
2018-06-13 14:21:03,437  - INFO - ----  test002_查看夜盘行情_com.thinkive.future.dev.standard:id/dialog_yepan_ec_is_checked          ----
2018-06-13 14:21:03,595  - INFO - ----  test002_查看夜盘行情_com.thinkive.future.dev.standard:id/cb_no_prompt_is_checked          ----
2018-06-13 14:21:03,682  - INFO - ----  test002_查看夜盘行情_com.thinkive.future.dev.standard:id/tv_cancel_click          ----
2018-06-13 14:21:05,111  - INFO - [CheckPoint_2]: testBYePan_ : OK
2018-06-13 14:21:21,350  - INFO - ----  test002_从大商所过滤显示淀粉_//android.widget.TextView[@text='行情']_click          ----
2018-06-13 14:21:52,112  - INFO - ----  test002_从大商所过滤显示淀粉_//android.widget.TextView[@text='大商所']_click          ----
2018-06-13 14:22:03,061  - INFO - ----  test002_从大商所过滤显示淀粉_com.thinkive.future.dev.standard:id/z_ll_1_click          ----
2018-06-13 14:22:04,932  - INFO - ----  test002_从大商所过滤显示淀粉_//android.widget.TextView[@text='淀粉']_get_value          ----
2018-06-13 14:22:05,278  - INFO - ----  test002_从大商所过滤显示淀粉_//android.widget.TextView[@text='淀粉']_click          ----
