2018-06-13 15:04:49,486  - INFO - ----  test001_进入行情轮流过_//android.widget.HorizontalScrollView/android.widget.LinearLayout/android.widget.LinearLayout[2]_click          ----
2018-06-13 15:04:53,006  - INFO - ----  test001_进入行情轮流过_//android.widget.TextView[@text='主力行情']_click          ----
2018-06-13 15:04:56,680  - INFO - ----  test001_进入行情轮流过_//android.widget.TextView[@text='大商所']_click          ----
2018-06-13 15:05:00,111  - INFO - ----  test001_进入行情轮流过_//android.widget.TextView[@text='中金所']_click          ----
2018-06-13 15:05:03,145  - INFO - ----  test001_进入行情轮流过_//android.widget.TextView[@text='能源中心']_click          ----
2018-06-13 15:05:05,900  - INFO - ----  test001_进入行情轮流过_//android.widget.TextView[@text='郑商所']_click          ----
2018-06-13 15:05:10,234  - INFO - ----  test001_进入行情轮流过_//android.widget.TextView[@text='上期所']_click          ----
2018-06-13 15:05:13,592  - INFO - ----  test001_进入行情轮流过_//android.widget.TextView[@text='上期所']_is_selected          ----
2018-06-13 15:05:13,957  - INFO - ----  testAFirstOpenFutureList_失败重连        ----
2018-06-13 15:05:21,091  - INFO - ----  test001_进入行情轮流过_//android.widget.HorizontalScrollView/android.widget.LinearLayout/android.widget.LinearLayout[2]_click          ----
2018-06-13 15:05:35,643  - INFO - ----  test001_进入行情轮流过_//android.widget.TextView[@text='主力行情']_click          ----
2018-06-13 15:05:45,301  - INFO - ----  test001_进入行情轮流过_//android.widget.TextView[@text='大商所']_click          ----
2018-06-13 15:05:53,778  - INFO - ----  test001_进入行情轮流过_//android.widget.TextView[@text='中金所']_click          ----
2018-06-13 15:05:55,780  - INFO - ----  test001_进入行情轮流过_//android.widget.TextView[@text='能源中心']_click          ----
2018-06-13 15:05:57,670  - INFO - ----  test001_进入行情轮流过_//android.widget.TextView[@text='郑商所']_click          ----
2018-06-13 15:06:00,749  - INFO - ----  test001_进入行情轮流过_//android.widget.TextView[@text='上期所']_click          ----
2018-06-13 15:06:04,311  - INFO - ----  test001_进入行情轮流过_//android.widget.TextView[@text='上期所']_is_selected          ----
2018-06-13 15:06:04,550  - INFO - [CheckPoint_1]: testAFirstOpenFutureList_用例失败重连过一次，失败原因:==检查点_检查切换到上期所失败，请检查_//android.widget.TextView[@text='上期所']==
==检查点_检查切换到上期所失败，请检查_//android.widget.TextView[@text='上期所']==: NG
2018-06-13 15:06:13,454  - INFO - ----  test002_查看夜盘行情_//android.widget.HorizontalScrollView/android.widget.LinearLayout/android.widget.LinearLayout[2]_click          ----
2018-06-13 15:06:15,351  - INFO - ----  test002_查看夜盘行情_//android.widget.TextView[@text='夜盘行情']_click          ----
2018-06-13 15:06:20,948  - INFO - ----  test002_查看夜盘行情_com.thinkive.future.dev.standard:id/dialog_yepan_zz_click          ----
2018-06-13 15:06:21,832  - INFO - ----  test002_查看夜盘行情_com.thinkive.future.dev.standard:id/dialog_yepan_dl_click          ----
2018-06-13 15:06:22,704  - INFO - ----  test002_查看夜盘行情_com.thinkive.future.dev.standard:id/dialog_yepan_ec_click          ----
2018-06-13 15:06:23,621  - INFO - ----  test002_查看夜盘行情_android:id/content_           ----
2018-06-13 15:06:23,646  - INFO - ----  test002_查看夜盘行情_com.thinkive.future.dev.standard:id/dialog_yepan_sh_is_checked          ----
2018-06-13 15:06:23,815  - INFO - ----  test002_查看夜盘行情_com.thinkive.future.dev.standard:id/dialog_yepan_ec_is_checked          ----
2018-06-13 15:06:23,982  - INFO - ----  test002_查看夜盘行情_com.thinkive.future.dev.standard:id/cb_no_prompt_is_checked          ----
2018-06-13 15:06:24,159  - INFO - ----  test002_查看夜盘行情_com.thinkive.future.dev.standard:id/tv_cancel_click          ----
2018-06-13 15:06:27,711  - INFO - [CheckPoint_2]: testBYePan_ : OK
2018-06-13 15:06:34,666  - INFO - ----  test002_从大商所过滤显示淀粉_//android.widget.TextView[@text='行情']_click          ----
2018-06-13 15:06:38,142  - INFO - ----  test002_从大商所过滤显示淀粉_//android.widget.TextView[@text='大商所']_click          ----
2018-06-13 15:06:41,438  - INFO - ----  test002_从大商所过滤显示淀粉_com.thinkive.future.dev.standard:id/z_ll_1_click          ----
2018-06-13 15:06:42,931  - INFO - ----  test002_从大商所过滤显示淀粉_//android.widget.TextView[@text='淀粉']_get_value          ----
2018-06-13 15:06:43,245  - INFO - ----  test002_从大商所过滤显示淀粉_//android.widget.TextView[@text='淀粉']_click          ----
2018-06-13 15:06:44,479  - INFO - ----  test002_从大商所过滤显示淀粉_com.thinkive.future.dev.standard:id/item_alllistactivity_nameTv_get_value          ----
2018-06-13 15:07:05,740  - INFO - [CheckPoint_3]: testCFutureListFilter_ : OK
2018-06-13 15:07:12,994  - INFO - ----  test003_取消行情列表过滤显示_//android.widget.TextView[@text='行情']_click          ----
2018-06-13 15:07:16,525  - INFO - ----  test003_取消行情列表过滤显示_//android.widget.TextView[@text='大商所']_click          ----
2018-06-13 15:07:19,955  - INFO - ----  test003_取消行情列表过滤显示_com.thinkive.future.dev.standard:id/z_ll_1_click          ----
2018-06-13 15:07:22,194  - INFO - ----  test003_取消行情列表过滤显示_//android.widget.TextView[@text='全部']_click          ----
2018-06-13 15:07:23,239  - INFO - ----  test003_取消行情列表过滤显示_//android.widget.TextView[@text='合约名称']_           ----
2018-06-13 15:07:23,498  - INFO - [CheckPoint_4]: testDFutureListFilterAll_ : OK
2018-06-13 15:07:31,128  - INFO - ----  test004_显示交易所导航页面_//android.widget.TextView[@text='行情']_click          ----
2018-06-13 15:07:33,891  - INFO - ----  test004_显示交易所导航页面_com.thinkive.future.dev.standard:id/quotation_futures_navigaterbar_down_click          ----
2018-06-13 15:07:35,985  - INFO - ----  test004_显示交易所导航页面_//android.widget.TextView[@text='内盘行情']_           ----
2018-06-13 15:07:36,650  - INFO - ----  test004_显示交易所导航页面_//android.widget.TextView[@text='外盘行情']_           ----
2018-06-13 15:07:56,984  - INFO - ----  testEFutureListNavigaterBar_失败重连        ----
2018-06-13 15:08:04,644  - INFO - ----  test004_显示交易所导航页面_//android.widget.TextView[@text='行情']_click          ----
2018-06-13 15:08:06,826  - INFO - ----  test004_显示交易所导航页面_com.thinkive.future.dev.standard:id/quotation_futures_navigaterbar_down_click          ----
2018-06-13 15:08:10,107  - INFO - ----  test004_显示交易所导航页面_//android.widget.TextView[@text='内盘行情']_           ----
2018-06-13 15:08:10,304  - INFO - ----  test004_显示交易所导航页面_//android.widget.TextView[@text='外盘行情']_           ----
2018-06-13 15:08:30,572  - INFO - [CheckPoint_5]: testEFutureListNavigaterBar_用例失败重连过一次，失败原因:==检查点_点击+号失败，请检查_com.thinkive.future.dev.standard:id/quotation_futures_navigaterbar_down==
==检查点_点击+号失败，请检查_com.thinkive.future.dev.standard:id/quotation_futures_navigaterbar_down==: NG
