2018-06-13 14:25:32,573  - INFO - ----  test001_进入行情轮流过_//android.widget.HorizontalScrollView/android.widget.LinearLayout/android.widget.LinearLayout[2]_click          ----
2018-06-13 14:25:36,051  - INFO - ----  test001_进入行情轮流过_//android.widget.TextView[@text='主力行情']_click          ----
2018-06-13 14:25:39,515  - INFO - ----  test001_进入行情轮流过_//android.widget.TextView[@text='大商所']_click          ----
2018-06-13 14:25:43,061  - INFO - ----  test001_进入行情轮流过_//android.widget.TextView[@text='中金所']_click          ----
2018-06-13 14:25:46,428  - INFO - ----  test001_进入行情轮流过_//android.widget.TextView[@text='能源中心']_click          ----
2018-06-13 14:25:57,831  - INFO - ----  test001_进入行情轮流过_//android.widget.TextView[@text='郑商所']_click          ----
2018-06-13 14:26:14,516  - INFO - ----  test001_进入行情轮流过_//android.widget.TextView[@text='上期所']_click          ----
2018-06-13 14:26:16,252  - INFO - ----  test001_进入行情轮流过_//android.widget.TextView[@text='上期所']_is_selected          ----
2018-06-13 14:26:16,883  - INFO - ----  testAFirstOpenFutureList_失败重连        ----
2018-06-13 14:26:23,579  - INFO - ----  test001_进入行情轮流过_//android.widget.HorizontalScrollView/android.widget.LinearLayout/android.widget.LinearLayout[2]_click          ----
2018-06-13 14:26:27,312  - INFO - ----  test001_进入行情轮流过_//android.widget.TextView[@text='主力行情']_click          ----
2018-06-13 14:26:30,775  - INFO - ----  test001_进入行情轮流过_//android.widget.TextView[@text='大商所']_click          ----
2018-06-13 14:26:34,272  - INFO - ----  test001_进入行情轮流过_//android.widget.TextView[@text='中金所']_click          ----
2018-06-13 14:26:37,717  - INFO - ----  test001_进入行情轮流过_//android.widget.TextView[@text='能源中心']_click          ----
2018-06-13 14:26:41,275  - INFO - ----  test001_进入行情轮流过_//android.widget.TextView[@text='郑商所']_click          ----
2018-06-13 14:26:45,164  - INFO - ----  test001_进入行情轮流过_//android.widget.TextView[@text='上期所']_click          ----
2018-06-13 14:26:48,637  - INFO - ----  test001_进入行情轮流过_//android.widget.TextView[@text='上期所']_is_selected          ----
2018-06-13 14:26:48,743  - INFO - ----  test001_进入行情轮流过_com.thinkive.future.dev.standard:id/rb_list_is_checked          ----
2018-06-13 14:26:48,876  - INFO - ----  test001_进入行情轮流过_com.thinkive.future.dev.standard:id/rb_out_list_is_checked          ----
2018-06-13 14:26:48,941  - INFO - ----  test001_进入行情轮流过_com.thinkive.future.dev.standard:id/rb_optional_is_checked          ----
2018-06-13 14:26:49,092  - INFO - [CheckPoint_1]: testAFirstOpenFutureList_用例失败重连过一次，失败原因:==检查点_检查切换到上期所失败，请检查_//android.widget.TextView[@text='上期所']==: OK
2018-06-13 14:26:55,030  - INFO - ----  test002_查看夜盘行情_//android.widget.HorizontalScrollView/android.widget.LinearLayout/android.widget.LinearLayout[2]_click          ----
2018-06-13 14:26:58,699  - INFO - ----  test002_查看夜盘行情_//android.widget.TextView[@text='夜盘行情']_click          ----
2018-06-13 14:27:02,782  - INFO - ----  test002_查看夜盘行情_com.thinkive.future.dev.standard:id/dialog_yepan_zz_click          ----
2018-06-13 14:27:03,627  - INFO - ----  test002_查看夜盘行情_com.thinkive.future.dev.standard:id/dialog_yepan_dl_click          ----
2018-06-13 14:27:04,522  - INFO - ----  test002_查看夜盘行情_com.thinkive.future.dev.standard:id/dialog_yepan_ec_click          ----
2018-06-13 14:27:05,612  - INFO - ----  test002_查看夜盘行情_android:id/content_           ----
2018-06-13 14:27:05,700  - INFO - ----  test002_查看夜盘行情_com.thinkive.future.dev.standard:id/dialog_yepan_sh_is_checked          ----
2018-06-13 14:27:05,866  - INFO - ----  test002_查看夜盘行情_com.thinkive.future.dev.standard:id/dialog_yepan_ec_is_checked          ----
2018-06-13 14:27:06,272  - INFO - ----  test002_查看夜盘行情_com.thinkive.future.dev.standard:id/cb_no_prompt_is_checked          ----
2018-06-13 14:27:06,438  - INFO - ----  test002_查看夜盘行情_com.thinkive.future.dev.standard:id/tv_cancel_click          ----
2018-06-13 14:27:07,632  - INFO - [CheckPoint_2]: testBYePan_ : OK
2018-06-13 14:27:24,318  - INFO - ----  test002_从大商所过滤显示淀粉_//android.widget.TextView[@text='行情']_click          ----
2018-06-13 14:27:54,947  - INFO - ----  test002_从大商所过滤显示淀粉_//android.widget.TextView[@text='大商所']_click          ----
2018-06-13 14:28:16,784  - INFO - ----  test002_从大商所过滤显示淀粉_com.thinkive.future.dev.standard:id/z_ll_1_click          ----
2018-06-13 14:28:18,276  - INFO - ----  test002_从大商所过滤显示淀粉_//android.widget.TextView[@text='淀粉']_get_value          ----
2018-06-13 14:28:18,673  - INFO - ----  test002_从大商所过滤显示淀粉_//android.widget.TextView[@text='淀粉']_click          ----
2018-06-13 14:28:20,618  - INFO - ----  test002_从大商所过滤显示淀粉_com.thinkive.future.dev.standard:id/item_alllistactivity_nameTv_get_value          ----
2018-06-13 14:28:42,357  - INFO - [CheckPoint_3]: testCFutureListFilter_ : OK
