2018-05-25 13:41:04,276  - INFO - ----  test022_通过+号添加自选_//android.widget.HorizontalScrollView/android.widget.LinearLayout/android.widget.LinearLayout[2]_click          ----
2018-05-25 13:41:13,332  - INFO - ----  test022_通过+号添加自选_com.thinkive.future.dev.standard:id/iv_quotation_futures_search_click          ----
2018-05-25 13:41:15,987  - INFO - ----  test022_通过+号添加自选_com.thinkive.future.dev.standard:id/item_txt_click          ----
2018-05-25 13:41:17,695  - INFO - ----  test022_通过+号添加自选_com.thinkive.future.dev.standard:id/ll_add_unadd_click          ----
2018-05-25 13:41:18,049  - INFO - ----  test022_通过+号添加自选_com.thinkive.future.dev.standard:id/ll_add_unadd_click          ----
2018-05-25 13:41:18,705  - INFO - ----  test022_通过+号添加自选_com.thinkive.future.dev.standard:id/ll_add_unadd_click          ----
2018-05-25 13:41:19,452  - INFO - ----  test022_通过+号添加自选_com.thinkive.future.dev.standard:id/ll_add_unadd_click          ----
2018-05-25 13:41:20,170  - INFO - ----  test022_通过+号添加自选_com.thinkive.future.dev.standard:id/ll_add_unadd_click          ----
2018-05-25 13:41:20,867  - INFO - ----  test022_通过+号添加自选_com.thinkive.future.dev.standard:id/name_get_value          ----
2018-05-25 13:41:21,507  - INFO - ----  test022_通过+号添加自选_com.thinkive.future.dev.standard:id/hq_btn_cancel_click          ----
2018-05-25 13:41:24,631  - INFO - ----  test022_通过+号添加自选_com.thinkive.future.dev.standard:id/rb_optional_click          ----
2018-05-25 13:41:33,707  - INFO - ----  test022_通过+号添加自选_com.thinkive.future.dev.standard:id/item_alllistactivity_nameTv_get_value          ----
2018-05-25 13:41:36,615  - INFO - ----  testCAddOptionalForSearch_失败重连        ----
2018-05-25 13:41:50,999  - INFO - ----  test022_通过+号添加自选_//android.widget.HorizontalScrollView/android.widget.LinearLayout/android.widget.LinearLayout[2]_click          ----
2018-05-25 13:42:01,086  - INFO - ----  test022_通过+号添加自选_com.thinkive.future.dev.standard:id/iv_quotation_futures_search_click          ----
2018-05-25 13:42:06,890  - INFO - ----  test022_通过+号添加自选_com.thinkive.future.dev.standard:id/item_txt_click          ----
2018-05-25 13:42:08,554  - INFO - ----  test022_通过+号添加自选_com.thinkive.future.dev.standard:id/ll_add_unadd_click          ----
2018-05-25 13:42:08,976  - INFO - ----  test022_通过+号添加自选_com.thinkive.future.dev.standard:id/ll_add_unadd_click          ----
2018-05-25 13:42:09,659  - INFO - ----  test022_通过+号添加自选_com.thinkive.future.dev.standard:id/ll_add_unadd_click          ----
2018-05-25 13:42:10,365  - INFO - ----  test022_通过+号添加自选_com.thinkive.future.dev.standard:id/ll_add_unadd_click          ----
2018-05-25 13:42:11,105  - INFO - ----  test022_通过+号添加自选_com.thinkive.future.dev.standard:id/ll_add_unadd_click          ----
2018-05-25 13:42:11,799  - INFO - ----  test022_通过+号添加自选_com.thinkive.future.dev.standard:id/name_get_value          ----
2018-05-25 13:42:12,417  - INFO - ----  test022_通过+号添加自选_com.thinkive.future.dev.standard:id/hq_btn_cancel_click          ----
2018-05-25 13:42:16,020  - INFO - ----  test022_通过+号添加自选_com.thinkive.future.dev.standard:id/rb_optional_click          ----
2018-05-25 13:42:17,184  - INFO - ----  test022_通过+号添加自选_com.thinkive.future.dev.standard:id/item_alllistactivity_nameTv_get_value          ----
2018-05-25 13:42:17,632  - INFO - [CheckPoint_1]: testCAddOptionalForSearch_用例失败重连过一次，失败原因:==检查点_对比数据失败，当前取到到数据为:com.thinkive.future.dev.standard:id/item_alllistactivity_nameTv,历史取到数据为:沪铝1809: OK
2018-05-25 13:42:33,951  - INFO - ----  test023_通过+号添加自选_//android.widget.HorizontalScrollView/android.widget.LinearLayout/android.widget.LinearLayout[2]_click          ----
2018-05-25 13:42:37,079  - INFO - ----  test023_通过+号添加自选_com.thinkive.future.dev.standard:id/iv_quotation_futures_search_click          ----
2018-05-25 13:42:41,539  - INFO - ----  test023_通过+号添加自选_com.thinkive.future.dev.standard:id/item_txt_click          ----
2018-05-25 13:42:43,352  - INFO - ----  test023_通过+号添加自选_com.thinkive.future.dev.standard:id/ll_add_unadd_click          ----
2018-05-25 13:42:43,679  - INFO - ----  test023_通过+号添加自选_com.thinkive.future.dev.standard:id/ll_add_unadd_click          ----
2018-05-25 13:42:44,366  - INFO - ----  test023_通过+号添加自选_com.thinkive.future.dev.standard:id/ll_add_unadd_click          ----
2018-05-25 13:42:45,080  - INFO - ----  test023_通过+号添加自选_com.thinkive.future.dev.standard:id/ll_add_unadd_click          ----
2018-05-25 13:42:45,830  - INFO - ----  test023_通过+号添加自选_com.thinkive.future.dev.standard:id/ll_add_unadd_click          ----
2018-05-25 13:42:46,532  - INFO - ----  test023_通过+号添加自选_com.thinkive.future.dev.standard:id/name_get_value          ----
2018-05-25 13:42:47,135  - INFO - ----  test023_通过+号添加自选_com.thinkive.future.dev.standard:id/hq_btn_cancel_click          ----
2018-05-25 13:42:52,056  - INFO - ----  test023_通过+号添加自选_com.thinkive.future.dev.standard:id/rb_optional_click          ----
2018-05-25 13:42:52,644  - INFO - ----  test023_通过+号添加自选_com.thinkive.future.dev.standard:id/item_alllistactivity_nameTv_get_value          ----
2018-05-25 13:42:53,427  - INFO - [CheckPoint_2]: testDAddOptionalForSearch1_ : OK
2018-05-25 13:43:18,433  - INFO - ----  testEAddOptionalForDetial_失败重连        ----
2018-05-25 13:43:30,331  - INFO - ----  test024_通过+号添加自选_//android.widget.HorizontalScrollView/android.widget.LinearLayout/android.widget.LinearLayout[2]_click          ----
2018-05-25 13:43:33,799  - INFO - ----  test024_通过+号添加自选_com.thinkive.future.dev.standard:id/item_alllistactivity_nameTv_click          ----
2018-05-25 13:43:49,672  - INFO - ----  test024_通过+号添加自选_com.thinkive.future.dev.standard:id/activity_detail_addOptionalTv_click          ----
2018-05-25 13:43:50,360  - INFO - ----  test024_通过+号添加自选_com.thinkive.future.dev.standard:id/quntation_future_detial_wrap_title_get_value          ----
2018-05-25 13:43:50,991  - INFO - ----  test024_通过+号添加自选_com.thinkive.future.dev.standard:id/quntation_future_detial_wrap_back_click          ----
2018-05-25 13:43:51,798  - INFO - ----  test024_通过+号添加自选_com.thinkive.future.dev.standard:id/rb_optional_click          ----
2018-05-25 13:43:52,939  - INFO - ----  test024_通过+号添加自选_com.thinkive.future.dev.standard:id/item_alllistactivity_nameTv_get_value          ----
2018-05-25 13:43:53,685  - INFO - [CheckPoint_3]: testEAddOptionalForDetial_用例失败重连过一次，失败原因:执行过程中失败，请检查元素是否存在//android.widget.HorizontalScrollView/android.widget.LinearLayout/android.widget.LinearLayout[2], : OK
